2023-09-30 13:50:30.950  INFO 2108 --- [main] c.b.BankingManagementSystemApplication   : Starting BankingManagementSystemApplication using Java 20.0.1 on DESKTOP-4MJK6GK with PID 2108 (C:\Users\rajpu\Downloads\Banking_Management_System\target\classes started by rajpu in C:\Users\rajpu\Downloads\Banking_Management_System)
2023-09-30 13:50:31.427  INFO 2108 --- [main] c.b.BankingManagementSystemApplication   : No active profile set, falling back to 1 default profile: "default"
2023-09-30 13:50:33.370  INFO 2108 --- [main] .s.d.r.c.RepositoryConfigurationDelegate : Bootstrapping Spring Data JPA repositories in DEFAULT mode.
2023-09-30 13:50:33.624  INFO 2108 --- [main] .s.d.r.c.RepositoryConfigurationDelegate : Finished Spring Data repository scanning in 185 ms. Found 8 JPA repository interfaces.
2023-09-30 13:50:36.068  INFO 2108 --- [main] o.s.b.w.embedded.tomcat.TomcatWebServer  : Tomcat initialized with port(s): 8080 (http)
2023-09-30 13:50:36.115  INFO 2108 --- [main] o.apache.catalina.core.StandardService   : Starting service [Tomcat]
2023-09-30 13:50:36.116  INFO 2108 --- [main] org.apache.catalina.core.StandardEngine  : Starting Servlet engine: [Apache Tomcat/9.0.79]
2023-09-30 13:50:36.609  INFO 2108 --- [main] o.a.c.c.C.[Tomcat].[localhost].[/]       : Initializing Spring embedded WebApplicationContext
2023-09-30 13:50:36.609  INFO 2108 --- [main] w.s.c.ServletWebServerApplicationContext : Root WebApplicationContext: initialization completed in 4472 ms
2023-09-30 13:50:38.415  INFO 2108 --- [main] o.hibernate.jpa.internal.util.LogHelper  : HHH000204: Processing PersistenceUnitInfo [name: default]
2023-09-30 13:50:38.508  INFO 2108 --- [main] org.hibernate.Version                    : HHH000412: Hibernate ORM core version 5.6.15.Final
2023-09-30 13:50:38.828  INFO 2108 --- [main] o.hibernate.annotations.common.Version   : HCANN000001: Hibernate Commons Annotations {5.1.2.Final}
2023-09-30 13:50:39.298  INFO 2108 --- [main] com.zaxxer.hikari.HikariDataSource       : HikariPool-1 - Starting...
2023-09-30 13:50:40.617  INFO 2108 --- [main] com.zaxxer.hikari.HikariDataSource       : HikariPool-1 - Start completed.
2023-09-30 13:50:40.697  INFO 2108 --- [main] org.hibernate.dialect.Dialect            : HHH000400: Using dialect: org.hibernate.dialect.MySQL8Dialect
2023-09-30 13:50:43.065  INFO 2108 --- [main] o.h.e.t.j.p.i.JtaPlatformInitiator       : HHH000490: Using JtaPlatform implementation: [org.hibernate.engine.transaction.jta.platform.internal.NoJtaPlatform]
2023-09-30 13:50:43.080  INFO 2108 --- [main] j.LocalContainerEntityManagerFactoryBean : Initialized JPA EntityManagerFactory for persistence unit 'default'
2023-09-30 13:50:44.790  WARN 2108 --- [main] JpaBaseConfiguration$JpaWebConfiguration : spring.jpa.open-in-view is enabled by default. Therefore, database queries may be performed during view rendering. Explicitly configure spring.jpa.open-in-view to disable this warning
2023-09-30 13:50:45.984  INFO 2108 --- [main] o.s.b.w.embedded.tomcat.TomcatWebServer  : Tomcat started on port(s): 8080 (http) with context path ''
2023-09-30 13:50:46.058  INFO 2108 --- [main] c.b.BankingManagementSystemApplication   : Started BankingManagementSystemApplication in 16.381 seconds (JVM running for 17.018)
2023-09-30 13:51:36.311  INFO 2108 --- [http-nio-8080-exec-1] o.a.c.c.C.[Tomcat].[localhost].[/]       : Initializing Spring DispatcherServlet 'dispatcherServlet'
2023-09-30 13:51:36.317  INFO 2108 --- [http-nio-8080-exec-1] o.s.web.servlet.DispatcherServlet        : Initializing Servlet 'dispatcherServlet'
2023-09-30 13:51:36.357  INFO 2108 --- [http-nio-8080-exec-1] o.s.web.servlet.DispatcherServlet        : Completed initialization in 40 ms
